{"C:\\Users\\mgall\\Documents\\Projects\\flash-learn\\server\\index.ts": {"path":"C:\\Users\\mgall\\Documents\\Projects\\flash-learn\\server\\index.ts","statementMap":{"0":{"start":{"line":2,"column":0},"end":{"line":2,"column":30}},"1":{"start":{"line":3,"column":0},"end":{"line":3,"column":33}},"2":{"start":{"line":4,"column":0},"end":{"line":4,"column":32}},"3":{"start":{"line":5,"column":0},"end":{"line":5,"column":47}},"4":{"start":{"line":6,"column":0},"end":{"line":6,"column":47}},"5":{"start":{"line":9,"column":21},"end":{"line":9,"column":25}},"6":{"start":{"line":10,"column":26},"end":{"line":10,"column":86}},"7":{"start":{"line":13,"column":12},"end":{"line":13,"column":21}},"8":{"start":{"line":14,"column":0},"end":{"line":14,"column":16}},"9":{"start":{"line":15,"column":0},"end":{"line":15,"column":20}},"10":{"start":{"line":16,"column":0},"end":{"line":16,"column":20}},"11":{"start":{"line":19,"column":0},"end":{"line":24,"column":null}},"12":{"start":{"line":23,"column":9},"end":{"line":23,"column":43}},"13":{"start":{"line":26,"column":0},"end":{"line":28,"column":3}},"14":{"start":{"line":27,"column":4},"end":{"line":27,"column":28}},"15":{"start":{"line":30,"column":15},"end":{"line":32,"column":2}},"16":{"start":{"line":31,"column":4},"end":{"line":31,"column":51}},"17":{"start":{"line":34,"column":0},"end":{"line":34,"column":16}}},"fnMap":{"0":{"name":"(anonymous_1)","decl":{"start":{"line":23,"column":3},"end":{"line":23,"column":5}},"loc":{"start":{"line":23,"column":7},"end":{"line":24,"column":1}}},"1":{"name":"(anonymous_2)","decl":{"start":{"line":26,"column":13},"end":{"line":26,"column":14}},"loc":{"start":{"line":26,"column":26},"end":{"line":28,"column":1}}},"2":{"name":"(anonymous_3)","decl":{"start":{"line":30,"column":32},"end":{"line":30,"column":34}},"loc":{"start":{"line":30,"column":36},"end":{"line":32,"column":1}}}},"branchMap":{"0":{"loc":{"start":{"line":10,"column":26},"end":{"line":10,"column":43}},"type":"binary-expr","locations":[{"start":{"line":10,"column":26},"end":{"line":10,"column":43}},{"start":{"line":10,"column":47},"end":{"line":10,"column":86}}]}},"s":{"0":2,"1":2,"2":2,"3":2,"4":2,"5":2,"6":2,"7":2,"8":2,"9":2,"10":2,"11":2,"12":2,"13":2,"14":0,"15":2,"16":2,"17":2},"f":{"0":2,"1":0,"2":2},"b":{"0":[2,2]}}
,"C:\\Users\\mgall\\Documents\\Projects\\flash-learn\\server\\models\\userModel.ts": {"path":"C:\\Users\\mgall\\Documents\\Projects\\flash-learn\\server\\models\\userModel.ts","statementMap":{"0":{"start":{"line":1,"column":0},"end":{"line":1,"column":32}},"1":{"start":{"line":2,"column":0},"end":{"line":2,"column":30}},"2":{"start":{"line":5,"column":19},"end":{"line":46,"column":2}},"3":{"start":{"line":21,"column":23},"end":{"line":21,"column":32}},"4":{"start":{"line":27,"column":31},"end":{"line":27,"column":40}},"5":{"start":{"line":36,"column":39},"end":{"line":36,"column":48}},"6":{"start":{"line":48,"column":18},"end":{"line":48,"column":53}},"7":{"start":{"line":50,"column":0},"end":{"line":50,"column":19}}},"fnMap":{"0":{"name":"(anonymous_1)","decl":{"start":{"line":21,"column":17},"end":{"line":21,"column":20}},"loc":{"start":{"line":21,"column":23},"end":{"line":21,"column":32}}},"1":{"name":"(anonymous_2)","decl":{"start":{"line":27,"column":25},"end":{"line":27,"column":28}},"loc":{"start":{"line":27,"column":31},"end":{"line":27,"column":40}}},"2":{"name":"(anonymous_3)","decl":{"start":{"line":36,"column":33},"end":{"line":36,"column":36}},"loc":{"start":{"line":36,"column":39},"end":{"line":36,"column":48}}}},"branchMap":{},"s":{"0":2,"1":2,"2":2,"3":1,"4":0,"5":0,"6":2,"7":2},"f":{"0":1,"1":0,"2":0},"b":{}}
,"C:\\Users\\mgall\\Documents\\Projects\\flash-learn\\server\\routes\\decks-routes.ts": {"path":"C:\\Users\\mgall\\Documents\\Projects\\flash-learn\\server\\routes\\decks-routes.ts","statementMap":{"0":{"start":{"line":2,"column":0},"end":{"line":2,"column":50}},"1":{"start":{"line":3,"column":0},"end":{"line":3,"column":44}},"2":{"start":{"line":8,"column":15},"end":{"line":8,"column":23}},"3":{"start":{"line":11,"column":0},"end":{"line":20,"column":null}},"4":{"start":{"line":11,"column":73},"end":{"line":20,"column":2}},"5":{"start":{"line":12,"column":21},"end":{"line":12,"column":77}},"6":{"start":{"line":14,"column":4},"end":{"line":17,"column":null}},"7":{"start":{"line":16,"column":8},"end":{"line":16,"column":24}},"8":{"start":{"line":19,"column":4},"end":{"line":19,"column":24}},"9":{"start":{"line":23,"column":0},"end":{"line":48,"column":null}},"10":{"start":{"line":23,"column":76},"end":{"line":48,"column":2}},"11":{"start":{"line":24,"column":21},"end":{"line":24,"column":77}},"12":{"start":{"line":26,"column":4},"end":{"line":28,"column":null}},"13":{"start":{"line":27,"column":8},"end":{"line":27,"column":24}},"14":{"start":{"line":30,"column":4},"end":{"line":32,"column":null}},"15":{"start":{"line":31,"column":8},"end":{"line":31,"column":22}},"16":{"start":{"line":34,"column":23},"end":{"line":37,"column":null}},"17":{"start":{"line":39,"column":4},"end":{"line":46,"column":null}},"18":{"start":{"line":40,"column":8},"end":{"line":45,"column":null}},"19":{"start":{"line":41,"column":12},"end":{"line":41,"column":33}},"20":{"start":{"line":42,"column":12},"end":{"line":42,"column":23}},"21":{"start":{"line":44,"column":12},"end":{"line":44,"column":28}},"22":{"start":{"line":47,"column":4},"end":{"line":47,"column":18}},"23":{"start":{"line":51,"column":0},"end":{"line":72,"column":null}},"24":{"start":{"line":51,"column":84},"end":{"line":72,"column":2}},"25":{"start":{"line":52,"column":21},"end":{"line":52,"column":77}},"26":{"start":{"line":54,"column":4},"end":{"line":56,"column":null}},"27":{"start":{"line":55,"column":8},"end":{"line":55,"column":39}},"28":{"start":{"line":58,"column":24},"end":{"line":58,"column":25}},"29":{"start":{"line":59,"column":4},"end":{"line":68,"column":null}},"30":{"start":{"line":60,"column":8},"end":{"line":60,"column":16}},"31":{"start":{"line":61,"column":8},"end":{"line":67,"column":null}},"32":{"start":{"line":62,"column":12},"end":{"line":62,"column":31}},"33":{"start":{"line":63,"column":12},"end":{"line":63,"column":30}},"34":{"start":{"line":64,"column":12},"end":{"line":64,"column":40}},"35":{"start":{"line":66,"column":12},"end":{"line":66,"column":55}},"36":{"start":{"line":70,"column":4},"end":{"line":70,"column":null}},"37":{"start":{"line":71,"column":4},"end":{"line":71,"column":null}},"38":{"start":{"line":75,"column":0},"end":{"line":90,"column":null}},"39":{"start":{"line":75,"column":83},"end":{"line":90,"column":2}},"40":{"start":{"line":76,"column":21},"end":{"line":76,"column":77}},"41":{"start":{"line":78,"column":4},"end":{"line":80,"column":null}},"42":{"start":{"line":79,"column":8},"end":{"line":79,"column":39}},"43":{"start":{"line":82,"column":4},"end":{"line":86,"column":null}},"44":{"start":{"line":83,"column":8},"end":{"line":85,"column":null}},"45":{"start":{"line":84,"column":12},"end":{"line":84,"column":null}},"46":{"start":{"line":88,"column":4},"end":{"line":88,"column":null}},"47":{"start":{"line":89,"column":4},"end":{"line":89,"column":null}},"48":{"start":{"line":93,"column":0},"end":{"line":120,"column":null}},"49":{"start":{"line":93,"column":89},"end":{"line":120,"column":2}},"50":{"start":{"line":94,"column":21},"end":{"line":94,"column":77}},"51":{"start":{"line":96,"column":4},"end":{"line":98,"column":null}},"52":{"start":{"line":97,"column":8},"end":{"line":97,"column":39}},"53":{"start":{"line":100,"column":4},"end":{"line":102,"column":null}},"54":{"start":{"line":101,"column":8},"end":{"line":101,"column":44}},"55":{"start":{"line":105,"column":23},"end":{"line":108,"column":null}},"56":{"start":{"line":111,"column":4},"end":{"line":115,"column":null}},"57":{"start":{"line":112,"column":8},"end":{"line":114,"column":null}},"58":{"start":{"line":113,"column":12},"end":{"line":113,"column":34}},"59":{"start":{"line":117,"column":4},"end":{"line":117,"column":15}},"60":{"start":{"line":118,"column":4},"end":{"line":118,"column":null}},"61":{"start":{"line":123,"column":0},"end":{"line":148,"column":null}},"62":{"start":{"line":123,"column":103},"end":{"line":148,"column":2}},"63":{"start":{"line":124,"column":21},"end":{"line":124,"column":77}},"64":{"start":{"line":126,"column":4},"end":{"line":128,"column":null}},"65":{"start":{"line":127,"column":8},"end":{"line":127,"column":39}},"66":{"start":{"line":129,"column":24},"end":{"line":129,"column":25}},"67":{"start":{"line":130,"column":28},"end":{"line":130,"column":30}},"68":{"start":{"line":131,"column":4},"end":{"line":144,"column":null}},"69":{"start":{"line":132,"column":8},"end":{"line":132,"column":20}},"70":{"start":{"line":133,"column":8},"end":{"line":143,"column":null}},"71":{"start":{"line":134,"column":12},"end":{"line":139,"column":null}},"72":{"start":{"line":135,"column":16},"end":{"line":135,"column":null}},"73":{"start":{"line":136,"column":16},"end":{"line":138,"column":null}},"74":{"start":{"line":137,"column":20},"end":{"line":137,"column":null}},"75":{"start":{"line":141,"column":12},"end":{"line":141,"column":null}},"76":{"start":{"line":142,"column":12},"end":{"line":142,"column":19}},"77":{"start":{"line":146,"column":4},"end":{"line":146,"column":15}},"78":{"start":{"line":147,"column":4},"end":{"line":147,"column":24}},"79":{"start":{"line":151,"column":0},"end":{"line":172,"column":null}},"80":{"start":{"line":151,"column":95},"end":{"line":172,"column":2}},"81":{"start":{"line":152,"column":21},"end":{"line":152,"column":77}},"82":{"start":{"line":154,"column":4},"end":{"line":156,"column":null}},"83":{"start":{"line":155,"column":8},"end":{"line":155,"column":39}},"84":{"start":{"line":158,"column":4},"end":{"line":171,"column":null}},"85":{"start":{"line":159,"column":8},"end":{"line":170,"column":null}},"86":{"start":{"line":160,"column":12},"end":{"line":167,"column":null}},"87":{"start":{"line":161,"column":16},"end":{"line":166,"column":null}},"88":{"start":{"line":162,"column":20},"end":{"line":162,"column":87}},"89":{"start":{"line":163,"column":20},"end":{"line":163,"column":93}},"90":{"start":{"line":164,"column":20},"end":{"line":164,"column":31}},"91":{"start":{"line":165,"column":20},"end":{"line":165,"column":null}},"92":{"start":{"line":169,"column":12},"end":{"line":169,"column":39}},"93":{"start":{"line":178,"column":0},"end":{"line":178,"column":16}}},"fnMap":{"0":{"name":"(anonymous_8)","decl":{"start":{"line":11,"column":35},"end":{"line":11,"column":42}},"loc":{"start":{"line":11,"column":73},"end":{"line":20,"column":2}}},"1":{"name":"(anonymous_9)","decl":{"start":{"line":11,"column":73},"end":{"line":11,"column":null}},"loc":{"start":{"line":11,"column":73},"end":{"line":20,"column":1}}},"2":{"name":"(anonymous_10)","decl":{"start":{"line":23,"column":38},"end":{"line":23,"column":45}},"loc":{"start":{"line":23,"column":76},"end":{"line":48,"column":2}}},"3":{"name":"(anonymous_11)","decl":{"start":{"line":23,"column":76},"end":{"line":23,"column":null}},"loc":{"start":{"line":23,"column":76},"end":{"line":48,"column":1}}},"4":{"name":"(anonymous_12)","decl":{"start":{"line":51,"column":46},"end":{"line":51,"column":53}},"loc":{"start":{"line":51,"column":84},"end":{"line":72,"column":2}}},"5":{"name":"(anonymous_13)","decl":{"start":{"line":51,"column":84},"end":{"line":51,"column":null}},"loc":{"start":{"line":51,"column":84},"end":{"line":72,"column":1}}},"6":{"name":"(anonymous_14)","decl":{"start":{"line":59,"column":22},"end":{"line":59,"column":23}},"loc":{"start":{"line":59,"column":37},"end":{"line":68,"column":5}}},"7":{"name":"(anonymous_15)","decl":{"start":{"line":75,"column":46},"end":{"line":75,"column":52}},"loc":{"start":{"line":75,"column":83},"end":{"line":90,"column":2}}},"8":{"name":"(anonymous_16)","decl":{"start":{"line":75,"column":83},"end":{"line":75,"column":null}},"loc":{"start":{"line":75,"column":83},"end":{"line":90,"column":1}}},"9":{"name":"(anonymous_17)","decl":{"start":{"line":82,"column":22},"end":{"line":82,"column":23}},"loc":{"start":{"line":82,"column":37},"end":{"line":86,"column":5}}},"10":{"name":"(anonymous_18)","decl":{"start":{"line":93,"column":51},"end":{"line":93,"column":58}},"loc":{"start":{"line":93,"column":89},"end":{"line":120,"column":2}}},"11":{"name":"(anonymous_19)","decl":{"start":{"line":93,"column":89},"end":{"line":93,"column":null}},"loc":{"start":{"line":93,"column":89},"end":{"line":120,"column":1}}},"12":{"name":"(anonymous_20)","decl":{"start":{"line":111,"column":22},"end":{"line":111,"column":23}},"loc":{"start":{"line":111,"column":37},"end":{"line":115,"column":5}}},"13":{"name":"(anonymous_21)","decl":{"start":{"line":123,"column":59},"end":{"line":123,"column":66}},"loc":{"start":{"line":123,"column":103},"end":{"line":148,"column":2}}},"14":{"name":"(anonymous_22)","decl":{"start":{"line":123,"column":103},"end":{"line":123,"column":null}},"loc":{"start":{"line":123,"column":103},"end":{"line":148,"column":1}}},"15":{"name":"(anonymous_23)","decl":{"start":{"line":131,"column":22},"end":{"line":131,"column":23}},"loc":{"start":{"line":131,"column":37},"end":{"line":144,"column":5}}},"16":{"name":"(anonymous_24)","decl":{"start":{"line":134,"column":31},"end":{"line":134,"column":32}},"loc":{"start":{"line":134,"column":46},"end":{"line":139,"column":13}}},"17":{"name":"(anonymous_25)","decl":{"start":{"line":151,"column":57},"end":{"line":151,"column":64}},"loc":{"start":{"line":151,"column":95},"end":{"line":172,"column":2}}},"18":{"name":"(anonymous_26)","decl":{"start":{"line":151,"column":95},"end":{"line":151,"column":null}},"loc":{"start":{"line":151,"column":95},"end":{"line":172,"column":1}}},"19":{"name":"(anonymous_27)","decl":{"start":{"line":158,"column":22},"end":{"line":158,"column":23}},"loc":{"start":{"line":158,"column":56},"end":{"line":171,"column":5}}},"20":{"name":"(anonymous_28)","decl":{"start":{"line":160,"column":31},"end":{"line":160,"column":32}},"loc":{"start":{"line":160,"column":65},"end":{"line":167,"column":13}}}},"branchMap":{"0":{"loc":{"start":{"line":14,"column":4},"end":{"line":17,"column":null}},"type":"if","locations":[{"start":{"line":14,"column":4},"end":{"line":17,"column":null}},{"start":{"line":14,"column":4},"end":{"line":17,"column":null}}]},"1":{"loc":{"start":{"line":26,"column":4},"end":{"line":28,"column":null}},"type":"if","locations":[{"start":{"line":26,"column":4},"end":{"line":28,"column":null}},{"start":{"line":26,"column":4},"end":{"line":28,"column":null}}]},"2":{"loc":{"start":{"line":30,"column":4},"end":{"line":32,"column":null}},"type":"if","locations":[{"start":{"line":30,"column":4},"end":{"line":32,"column":null}},{"start":{"line":30,"column":4},"end":{"line":32,"column":null}}]},"3":{"loc":{"start":{"line":39,"column":4},"end":{"line":46,"column":null}},"type":"if","locations":[{"start":{"line":39,"column":4},"end":{"line":46,"column":null}},{"start":{"line":39,"column":4},"end":{"line":46,"column":null}}]},"4":{"loc":{"start":{"line":54,"column":4},"end":{"line":56,"column":null}},"type":"if","locations":[{"start":{"line":54,"column":4},"end":{"line":56,"column":null}},{"start":{"line":54,"column":4},"end":{"line":56,"column":null}}]},"5":{"loc":{"start":{"line":61,"column":8},"end":{"line":67,"column":null}},"type":"if","locations":[{"start":{"line":61,"column":8},"end":{"line":67,"column":null}},{"start":{"line":61,"column":8},"end":{"line":67,"column":null}}]},"6":{"loc":{"start":{"line":78,"column":4},"end":{"line":80,"column":null}},"type":"if","locations":[{"start":{"line":78,"column":4},"end":{"line":80,"column":null}},{"start":{"line":78,"column":4},"end":{"line":80,"column":null}}]},"7":{"loc":{"start":{"line":83,"column":8},"end":{"line":85,"column":null}},"type":"if","locations":[{"start":{"line":83,"column":8},"end":{"line":85,"column":null}},{"start":{"line":83,"column":8},"end":{"line":85,"column":null}}]},"8":{"loc":{"start":{"line":96,"column":4},"end":{"line":98,"column":null}},"type":"if","locations":[{"start":{"line":96,"column":4},"end":{"line":98,"column":null}},{"start":{"line":96,"column":4},"end":{"line":98,"column":null}}]},"9":{"loc":{"start":{"line":100,"column":4},"end":{"line":102,"column":null}},"type":"if","locations":[{"start":{"line":100,"column":4},"end":{"line":102,"column":null}},{"start":{"line":100,"column":4},"end":{"line":102,"column":null}}]},"10":{"loc":{"start":{"line":100,"column":8},"end":{"line":100,"column":29}},"type":"binary-expr","locations":[{"start":{"line":100,"column":8},"end":{"line":100,"column":29}},{"start":{"line":100,"column":33},"end":{"line":100,"column":51}}]},"11":{"loc":{"start":{"line":112,"column":8},"end":{"line":114,"column":null}},"type":"if","locations":[{"start":{"line":112,"column":8},"end":{"line":114,"column":null}},{"start":{"line":112,"column":8},"end":{"line":114,"column":null}}]},"12":{"loc":{"start":{"line":126,"column":4},"end":{"line":128,"column":null}},"type":"if","locations":[{"start":{"line":126,"column":4},"end":{"line":128,"column":null}},{"start":{"line":126,"column":4},"end":{"line":128,"column":null}}]},"13":{"loc":{"start":{"line":133,"column":8},"end":{"line":143,"column":null}},"type":"if","locations":[{"start":{"line":133,"column":8},"end":{"line":143,"column":null}},{"start":{"line":133,"column":8},"end":{"line":143,"column":null}}]},"14":{"loc":{"start":{"line":136,"column":16},"end":{"line":138,"column":null}},"type":"if","locations":[{"start":{"line":136,"column":16},"end":{"line":138,"column":null}},{"start":{"line":136,"column":16},"end":{"line":138,"column":null}}]},"15":{"loc":{"start":{"line":154,"column":4},"end":{"line":156,"column":null}},"type":"if","locations":[{"start":{"line":154,"column":4},"end":{"line":156,"column":null}},{"start":{"line":154,"column":4},"end":{"line":156,"column":null}}]},"16":{"loc":{"start":{"line":159,"column":8},"end":{"line":170,"column":null}},"type":"if","locations":[{"start":{"line":159,"column":8},"end":{"line":170,"column":null}},{"start":{"line":159,"column":8},"end":{"line":170,"column":null}}]},"17":{"loc":{"start":{"line":161,"column":16},"end":{"line":166,"column":null}},"type":"if","locations":[{"start":{"line":161,"column":16},"end":{"line":166,"column":null}},{"start":{"line":161,"column":16},"end":{"line":166,"column":null}}]}},"s":{"0":2,"1":2,"2":2,"3":2,"4":1,"5":1,"6":1,"7":0,"8":1,"9":2,"10":2,"11":2,"12":2,"13":1,"14":2,"15":0,"16":2,"17":2,"18":0,"19":0,"20":0,"21":0,"22":2,"23":2,"24":0,"25":0,"26":0,"27":0,"28":0,"29":0,"30":0,"31":0,"32":0,"33":0,"34":0,"35":0,"36":0,"37":0,"38":2,"39":0,"40":0,"41":0,"42":0,"43":0,"44":0,"45":0,"46":0,"47":0,"48":2,"49":0,"50":0,"51":0,"52":0,"53":0,"54":0,"55":0,"56":0,"57":0,"58":0,"59":0,"60":0,"61":2,"62":0,"63":0,"64":0,"65":0,"66":0,"67":0,"68":0,"69":0,"70":0,"71":0,"72":0,"73":0,"74":0,"75":0,"76":0,"77":0,"78":0,"79":2,"80":0,"81":0,"82":0,"83":0,"84":0,"85":0,"86":0,"87":0,"88":0,"89":0,"90":0,"91":0,"92":0,"93":2},"f":{"0":1,"1":1,"2":2,"3":2,"4":0,"5":0,"6":0,"7":0,"8":0,"9":0,"10":0,"11":0,"12":0,"13":0,"14":0,"15":0,"16":0,"17":0,"18":0,"19":0,"20":0},"b":{"0":[0,1],"1":[1,1],"2":[0,2],"3":[0,2],"4":[0,0],"5":[0,0],"6":[0,0],"7":[0,0],"8":[0,0],"9":[0,0],"10":[0,0],"11":[0,0],"12":[0,0],"13":[0,0],"14":[0,0],"15":[0,0],"16":[0,0],"17":[0,0]}}
,"C:\\Users\\mgall\\Documents\\Projects\\flash-learn\\server\\routes\\user-routes.ts": {"path":"C:\\Users\\mgall\\Documents\\Projects\\flash-learn\\server\\routes\\user-routes.ts","statementMap":{"0":{"start":{"line":2,"column":0},"end":{"line":2,"column":50}},"1":{"start":{"line":3,"column":0},"end":{"line":3,"column":30}},"2":{"start":{"line":4,"column":0},"end":{"line":4,"column":44}},"3":{"start":{"line":8,"column":15},"end":{"line":8,"column":23}},"4":{"start":{"line":9,"column":21},"end":{"line":9,"column":23}},"5":{"start":{"line":13,"column":0},"end":{"line":54,"column":null}},"6":{"start":{"line":13,"column":69},"end":{"line":54,"column":2}},"7":{"start":{"line":14,"column":21},"end":{"line":14,"column":75}},"8":{"start":{"line":15,"column":17},"end":{"line":15,"column":19}},"9":{"start":{"line":17,"column":4},"end":{"line":19,"column":null}},"10":{"start":{"line":18,"column":8},"end":{"line":18,"column":46}},"11":{"start":{"line":21,"column":4},"end":{"line":23,"column":null}},"12":{"start":{"line":22,"column":8},"end":{"line":22,"column":32}},"13":{"start":{"line":25,"column":4},"end":{"line":27,"column":null}},"14":{"start":{"line":26,"column":8},"end":{"line":26,"column":63}},"15":{"start":{"line":29,"column":4},"end":{"line":53,"column":null}},"16":{"start":{"line":31,"column":25},"end":{"line":31,"column":67}},"17":{"start":{"line":32,"column":21},"end":{"line":40,"column":10}},"18":{"start":{"line":42,"column":8},"end":{"line":48,"column":null}},"19":{"start":{"line":43,"column":12},"end":{"line":47,"column":null}},"20":{"start":{"line":44,"column":16},"end":{"line":44,"column":28}},"21":{"start":{"line":46,"column":16},"end":{"line":46,"column":32}},"22":{"start":{"line":50,"column":5},"end":{"line":50,"column":20}},"23":{"start":{"line":52,"column":8},"end":{"line":52,"column":39}},"24":{"start":{"line":57,"column":0},"end":{"line":57,"column":16}}},"fnMap":{"0":{"name":"(anonymous_8)","decl":{"start":{"line":13,"column":25},"end":{"line":13,"column":32}},"loc":{"start":{"line":13,"column":69},"end":{"line":54,"column":2}}},"1":{"name":"(anonymous_9)","decl":{"start":{"line":13,"column":69},"end":{"line":13,"column":null}},"loc":{"start":{"line":13,"column":69},"end":{"line":54,"column":1}}}},"branchMap":{"0":{"loc":{"start":{"line":17,"column":4},"end":{"line":19,"column":null}},"type":"if","locations":[{"start":{"line":17,"column":4},"end":{"line":19,"column":null}},{"start":{"line":17,"column":4},"end":{"line":19,"column":null}}]},"1":{"loc":{"start":{"line":21,"column":4},"end":{"line":23,"column":null}},"type":"if","locations":[{"start":{"line":21,"column":4},"end":{"line":23,"column":null}},{"start":{"line":21,"column":4},"end":{"line":23,"column":null}}]},"2":{"loc":{"start":{"line":25,"column":4},"end":{"line":27,"column":null}},"type":"if","locations":[{"start":{"line":25,"column":4},"end":{"line":27,"column":null}},{"start":{"line":25,"column":4},"end":{"line":27,"column":null}}]},"3":{"loc":{"start":{"line":29,"column":4},"end":{"line":53,"column":null}},"type":"if","locations":[{"start":{"line":29,"column":4},"end":{"line":53,"column":null}},{"start":{"line":29,"column":4},"end":{"line":53,"column":null}}]},"4":{"loc":{"start":{"line":42,"column":8},"end":{"line":48,"column":null}},"type":"if","locations":[{"start":{"line":42,"column":8},"end":{"line":48,"column":null}},{"start":{"line":42,"column":8},"end":{"line":48,"column":null}}]}},"s":{"0":2,"1":2,"2":2,"3":2,"4":2,"5":2,"6":4,"7":4,"8":4,"9":4,"10":3,"11":4,"12":1,"13":4,"14":1,"15":4,"16":1,"17":1,"18":1,"19":0,"20":0,"21":0,"22":1,"23":3,"24":2},"f":{"0":4,"1":4},"b":{"0":[3,1],"1":[1,3],"2":[1,3],"3":[1,3],"4":[0,1]}}
}
